# JRE version: OpenJDK Runtime Environment (17.0.11) (build 17.0.11+0--11852314)
# Java VM: OpenJDK 64-Bit Server VM (17.0.11+0--11852314, mixed mode, tiered, compressed oops, compressed class ptrs, g1 gc, windows-amd64)
GC Precious Log:
 CPUs: 16 total, 16 available
 Memory: 15613M
 Large Page Support: Disabled
 NUMA Support: Disabled
 Compressed Oops: Enabled (32-bit)
 Heap Region Size: 1M
 Heap Min Capacity: 8M
 Heap Initial Capacity: 244M
 Heap Max Capacity: 2G
 Pre-touch: Disabled
 Parallel Workers: 13
 Concurrent Workers: 3
 Concurrent Refinement Workers: 13
 Periodic GC: Disabled
Heap:
 garbage-first heap   total 211968K, used 169570K [0x0000000080000000, 0x0000000100000000)
  region size 1024K, 76 young (77824K), 7 survivors (7168K)
 Metaspace       used 103410K, committed 104192K, reserved 1179648K
  class space    used 14104K, committed 14464K, reserved 1048576K
GC Heap History (20 events):
Event: 5.648 GC heap before
{Heap before GC invocations=23 (full 0):
 garbage-first heap   total 81920K, used 63154K [0x0000000080000000, 0x0000000100000000)
  region size 1024K, 4 young (4096K), 3 survivors (3072K)
 Metaspace       used 57851K, committed 58432K, reserved 1114112K
  class space    used 7893K, committed 8192K, reserved 1048576K
}
Event: 5.650 GC heap after
{Heap after GC invocations=24 (full 0):
 garbage-first heap   total 81920K, used 62457K [0x0000000080000000, 0x0000000100000000)
  region size 1024K, 1 young (1024K), 1 survivors (1024K)
 Metaspace       used 57851K, committed 58432K, reserved 1114112K
  class space    used 7893K, committed 8192K, reserved 1048576K
}
Event: 5.706 GC heap before
{Heap before GC invocations=24 (full 0):
 garbage-first heap   total 81920K, used 67577K [0x0000000080000000, 0x0000000100000000)
  region size 1024K, 6 young (6144K), 1 survivors (1024K)
 Metaspace       used 58280K, committed 58816K, reserved 1114112K
  class space    used 7962K, committed 8256K, reserved 1048576K
}
Event: 5.707 GC heap after
{Heap after GC invocations=25 (full 0):
 garbage-first heap   total 81920K, used 62516K [0x0000000080000000, 0x0000000100000000)
  region size 1024K, 1 young (1024K), 1 survivors (1024K)
 Metaspace       used 58280K, committed 58816K, reserved 1114112K
  class space    used 7962K, committed 8256K, reserved 1048576K
}
Event: 5.745 GC heap before
{Heap before GC invocations=26 (full 0):
 garbage-first heap   total 111616K, used 66612K [0x0000000080000000, 0x0000000100000000)
  region size 1024K, 6 young (6144K), 1 survivors (1024K)
 Metaspace       used 58669K, committed 59200K, reserved 1114112K
  class space    used 8000K, committed 8256K, reserved 1048576K
}
Event: 5.746 GC heap after
{Heap after GC invocations=27 (full 0):
 garbage-first heap   total 111616K, used 62501K [0x0000000080000000, 0x0000000100000000)
  region size 1024K, 1 young (1024K), 1 survivors (1024K)
 Metaspace       used 58669K, committed 59200K, reserved 1114112K
  class space    used 8000K, committed 8256K, reserved 1048576K
}
Event: 5.776 GC heap before
{Heap before GC invocations=27 (full 0):
 garbage-first heap   total 111616K, used 65573K [0x0000000080000000, 0x0000000100000000)
  region size 1024K, 5 young (5120K), 1 survivors (1024K)
 Metaspace       used 58891K, committed 59456K, reserved 1114112K
  class space    used 8020K, committed 8320K, reserved 1048576K
}
Event: 5.777 GC heap after
{Heap after GC invocations=28 (full 0):
 garbage-first heap   total 211968K, used 62392K [0x0000000080000000, 0x0000000100000000)
  region size 1024K, 1 young (1024K), 1 survivors (1024K)
 Metaspace       used 58891K, committed 59456K, reserved 1114112K
  class space    used 8020K, committed 8320K, reserved 1048576K
}
Event: 6.572 GC heap before
{Heap before GC invocations=28 (full 0):
 garbage-first heap   total 211968K, used 150456K [0x0000000080000000, 0x0000000100000000)
  region size 1024K, 86 young (88064K), 1 survivors (1024K)
 Metaspace       used 67568K, committed 68160K, reserved 1114112K
  class space    used 9078K, committed 9408K, reserved 1048576K
}
Event: 6.575 GC heap after
{Heap after GC invocations=29 (full 0):
 garbage-first heap   total 211968K, used 66067K [0x0000000080000000, 0x0000000100000000)
  region size 1024K, 4 young (4096K), 4 survivors (4096K)
 Metaspace       used 67568K, committed 68160K, reserved 1114112K
  class space    used 9078K, committed 9408K, reserved 1048576K
}
Event: 7.305 GC heap before
{Heap before GC invocations=29 (full 0):
 garbage-first heap   total 211968K, used 169491K [0x0000000080000000, 0x0000000100000000)
  region size 1024K, 96 young (98304K), 4 survivors (4096K)
 Metaspace       used 75369K, committed 75968K, reserved 1179648K
  class space    used 10085K, committed 10368K, reserved 1048576K
}
Event: 7.310 GC heap after
{Heap after GC invocations=30 (full 0):
 garbage-first heap   total 211968K, used 79224K [0x0000000080000000, 0x0000000100000000)
  region size 1024K, 12 young (12288K), 12 survivors (12288K)
 Metaspace       used 75369K, committed 75968K, reserved 1179648K
  class space    used 10085K, committed 10368K, reserved 1048576K
}
Event: 7.931 GC heap before
{Heap before GC invocations=30 (full 0):
 garbage-first heap   total 211968K, used 164216K [0x0000000080000000, 0x0000000100000000)
  region size 1024K, 95 young (97280K), 12 survivors (12288K)
 Metaspace       used 82355K, committed 82944K, reserved 1179648K
  class space    used 11052K, committed 11328K, reserved 1048576K
}
Event: 7.937 GC heap after
{Heap after GC invocations=31 (full 0):
 garbage-first heap   total 211968K, used 85507K [0x0000000080000000, 0x0000000100000000)
  region size 1024K, 7 young (7168K), 7 survivors (7168K)
 Metaspace       used 82355K, committed 82944K, reserved 1179648K
  class space    used 11052K, committed 11328K, reserved 1048576K
}
Event: 8.485 GC heap before
{Heap before GC invocations=31 (full 0):
 garbage-first heap   total 211968K, used 167427K [0x0000000080000000, 0x0000000100000000)
  region size 1024K, 86 young (88064K), 7 survivors (7168K)
 Metaspace       used 86986K, committed 87616K, reserved 1179648K
  class space    used 11750K, committed 12032K, reserved 1048576K
}
Event: 8.489 GC heap after
{Heap after GC invocations=32 (full 0):
 garbage-first heap   total 211968K, used 89122K [0x0000000080000000, 0x0000000100000000)
  region size 1024K, 6 young (6144K), 6 survivors (6144K)
 Metaspace       used 86986K, committed 87616K, reserved 1179648K
  class space    used 11750K, committed 12032K, reserved 1048576K
}
Event: 9.049 GC heap before
{Heap before GC invocations=32 (full 0):
 garbage-first heap   total 211968K, used 168994K [0x0000000080000000, 0x0000000100000000)
  region size 1024K, 84 young (86016K), 6 survivors (6144K)
 Metaspace       used 92631K, committed 93312K, reserved 1179648K
  class space    used 12690K, committed 12992K, reserved 1048576K
}
Event: 9.053 GC heap after
{Heap after GC invocations=33 (full 0):
 garbage-first heap   total 211968K, used 92175K [0x0000000080000000, 0x0000000100000000)
  region size 1024K, 9 young (9216K), 9 survivors (9216K)
 Metaspace       used 92631K, committed 93312K, reserved 1179648K
  class space    used 12690K, committed 12992K, reserved 1048576K
}
Event: 9.517 GC heap before
{Heap before GC invocations=33 (full 0):
 garbage-first heap   total 211968K, used 157711K [0x0000000080000000, 0x0000000100000000)
  region size 1024K, 74 young (75776K), 9 survivors (9216K)
 Metaspace       used 97715K, committed 98368K, reserved 1179648K
  class space    used 13468K, committed 13824K, reserved 1048576K
}
Event: 9.522 GC heap after
{Heap after GC invocations=34 (full 0):
 garbage-first heap   total 211968K, used 95842K [0x0000000080000000, 0x0000000100000000)
  region size 1024K, 7 young (7168K), 7 survivors (7168K)
 Metaspace       used 97715K, committed 98368K, reserved 1179648K
  class space    used 13468K, committed 13824K, reserved 1048576K
}

