# JRE version: OpenJDK Runtime Environment (17.0.11) (build 17.0.11+0--11852314)
# Java VM: OpenJDK 64-Bit Server VM (17.0.11+0--11852314, mixed mode, tiered, compressed oops, compressed class ptrs, g1 gc, windows-amd64)
GC Precious Log:
 CPUs: 16 total, 16 available
 Memory: 15613M
 Large Page Support: Disabled
 NUMA Support: Disabled
 Compressed Oops: Enabled (32-bit)
 Heap Region Size: 1M
 Heap Min Capacity: 8M
 Heap Initial Capacity: 244M
 Heap Max Capacity: 2G
 Pre-touch: Disabled
 Parallel Workers: 13
 Concurrent Workers: 3
 Concurrent Refinement Workers: 13
 Periodic GC: Disabled
Heap:
 garbage-first heap   total 181248K, used 107585K [0x0000000080000000, 0x0000000100000000)
  region size 1024K, 8 young (8192K), 4 survivors (4096K)
 Metaspace       used 104799K, committed 105536K, reserved 1179648K
  class space    used 14309K, committed 14656K, reserved 1048576K
GC Heap History (20 events):
Event: 7.186 GC heap before
{Heap before GC invocations=30 (full 0):
 garbage-first heap   total 168960K, used 133990K [0x0000000080000000, 0x0000000100000000)
  region size 1024K, 59 young (60416K), 1 survivors (1024K)
 Metaspace       used 72964K, committed 73536K, reserved 1114112K
  class space    used 9753K, committed 10048K, reserved 1048576K
}
Event: 7.188 GC heap after
{Heap after GC invocations=31 (full 0):
 garbage-first heap   total 168960K, used 74539K [0x0000000080000000, 0x0000000100000000)
  region size 1024K, 5 young (5120K), 5 survivors (5120K)
 Metaspace       used 72964K, committed 73536K, reserved 1114112K
  class space    used 9753K, committed 10048K, reserved 1048576K
}
Event: 7.879 GC heap before
{Heap before GC invocations=31 (full 0):
 garbage-first heap   total 168960K, used 135979K [0x0000000080000000, 0x0000000100000000)
  region size 1024K, 61 young (62464K), 5 survivors (5120K)
 Metaspace       used 79110K, committed 79744K, reserved 1179648K
  class space    used 10607K, committed 10880K, reserved 1048576K
}
Event: 7.882 GC heap after
{Heap after GC invocations=32 (full 0):
 garbage-first heap   total 168960K, used 82120K [0x0000000080000000, 0x0000000100000000)
  region size 1024K, 8 young (8192K), 8 survivors (8192K)
 Metaspace       used 79110K, committed 79744K, reserved 1179648K
  class space    used 10607K, committed 10880K, reserved 1048576K
}
Event: 9.997 GC heap before
{Heap before GC invocations=32 (full 0):
 garbage-first heap   total 168960K, used 134344K [0x0000000080000000, 0x0000000100000000)
  region size 1024K, 59 young (60416K), 8 survivors (8192K)
 Metaspace       used 82335K, committed 82944K, reserved 1179648K
  class space    used 11051K, committed 11328K, reserved 1048576K
}
Event: 10.002 GC heap after
{Heap after GC invocations=33 (full 0):
 garbage-first heap   total 168960K, used 86947K [0x0000000080000000, 0x0000000100000000)
  region size 1024K, 8 young (8192K), 8 survivors (8192K)
 Metaspace       used 82335K, committed 82944K, reserved 1179648K
  class space    used 11051K, committed 11328K, reserved 1048576K
}
Event: 10.534 GC heap before
{Heap before GC invocations=33 (full 0):
 garbage-first heap   total 168960K, used 136099K [0x0000000080000000, 0x0000000100000000)
  region size 1024K, 56 young (57344K), 8 survivors (8192K)
 Metaspace       used 84904K, committed 85568K, reserved 1179648K
  class space    used 11403K, committed 11712K, reserved 1048576K
}
Event: 10.539 GC heap after
{Heap after GC invocations=34 (full 0):
 garbage-first heap   total 168960K, used 89621K [0x0000000080000000, 0x0000000100000000)
  region size 1024K, 5 young (5120K), 5 survivors (5120K)
 Metaspace       used 84904K, committed 85568K, reserved 1179648K
  class space    used 11403K, committed 11712K, reserved 1048576K
}
Event: 11.135 GC heap before
{Heap before GC invocations=34 (full 0):
 garbage-first heap   total 168960K, used 136725K [0x0000000080000000, 0x0000000100000000)
  region size 1024K, 50 young (51200K), 5 survivors (5120K)
 Metaspace       used 88164K, committed 88832K, reserved 1179648K
  class space    used 12021K, committed 12352K, reserved 1048576K
}
Event: 11.138 GC heap after
{Heap after GC invocations=35 (full 0):
 garbage-first heap   total 168960K, used 90982K [0x0000000080000000, 0x0000000100000000)
  region size 1024K, 2 young (2048K), 2 survivors (2048K)
 Metaspace       used 88164K, committed 88832K, reserved 1179648K
  class space    used 12021K, committed 12352K, reserved 1048576K
}
Event: 11.600 GC heap before
{Heap before GC invocations=35 (full 0):
 garbage-first heap   total 168960K, used 139110K [0x0000000080000000, 0x0000000100000000)
  region size 1024K, 49 young (50176K), 2 survivors (2048K)
 Metaspace       used 91555K, committed 92288K, reserved 1179648K
  class space    used 12542K, committed 12864K, reserved 1048576K
}
Event: 11.603 GC heap after
{Heap after GC invocations=36 (full 0):
 garbage-first heap   total 168960K, used 92714K [0x0000000080000000, 0x0000000100000000)
  region size 1024K, 4 young (4096K), 4 survivors (4096K)
 Metaspace       used 91555K, committed 92288K, reserved 1179648K
  class space    used 12542K, committed 12864K, reserved 1048576K
}
Event: 12.161 GC heap before
{Heap before GC invocations=36 (full 0):
 garbage-first heap   total 168960K, used 139818K [0x0000000080000000, 0x0000000100000000)
  region size 1024K, 50 young (51200K), 4 survivors (4096K)
 Metaspace       used 94994K, committed 95680K, reserved 1179648K
  class space    used 13031K, committed 13376K, reserved 1048576K
}
Event: 12.164 GC heap after
{Heap after GC invocations=37 (full 0):
 garbage-first heap   total 168960K, used 95411K [0x0000000080000000, 0x0000000100000000)
  region size 1024K, 7 young (7168K), 7 survivors (7168K)
 Metaspace       used 94994K, committed 95680K, reserved 1179648K
  class space    used 13031K, committed 13376K, reserved 1048576K
}
Event: 12.615 GC heap before
{Heap before GC invocations=37 (full 0):
 garbage-first heap   total 168960K, used 140467K [0x0000000080000000, 0x0000000100000000)
  region size 1024K, 51 young (52224K), 7 survivors (7168K)
 Metaspace       used 99473K, committed 100224K, reserved 1179648K
  class space    used 13657K, committed 14016K, reserved 1048576K
}
Event: 12.619 GC heap after
{Heap after GC invocations=38 (full 0):
 garbage-first heap   total 168960K, used 97391K [0x0000000080000000, 0x0000000100000000)
  region size 1024K, 5 young (5120K), 5 survivors (5120K)
 Metaspace       used 99473K, committed 100224K, reserved 1179648K
  class space    used 13657K, committed 14016K, reserved 1048576K
}
Event: 12.986 GC heap before
{Heap before GC invocations=38 (full 0):
 garbage-first heap   total 168960K, used 140399K [0x0000000080000000, 0x0000000100000000)
  region size 1024K, 48 young (49152K), 5 survivors (5120K)
 Metaspace       used 102010K, committed 102784K, reserved 1179648K
  class space    used 13984K, committed 14336K, reserved 1048576K
}
Event: 12.991 GC heap after
{Heap after GC invocations=39 (full 0):
 garbage-first heap   total 168960K, used 101523K [0x0000000080000000, 0x0000000100000000)
  region size 1024K, 6 young (6144K), 6 survivors (6144K)
 Metaspace       used 102010K, committed 102784K, reserved 1179648K
  class space    used 13984K, committed 14336K, reserved 1048576K
}
Event: 13.215 GC heap before
{Heap before GC invocations=39 (full 0):
 garbage-first heap   total 168960K, used 129171K [0x0000000080000000, 0x0000000100000000)
  region size 1024K, 29 young (29696K), 6 survivors (6144K)
 Metaspace       used 104542K, committed 105216K, reserved 1179648K
  class space    used 14269K, committed 14592K, reserved 1048576K
}
Event: 13.220 GC heap after
{Heap after GC invocations=40 (full 0):
 garbage-first heap   total 168960K, used 104513K [0x0000000080000000, 0x0000000100000000)
  region size 1024K, 4 young (4096K), 4 survivors (4096K)
 Metaspace       used 104542K, committed 105216K, reserved 1179648K
  class space    used 14269K, committed 14592K, reserved 1048576K
}

